#
# There is insufficient memory for the Java Runtime Environment to continue.
# Native memory allocation (malloc) failed to allocate 159216 bytes for Chunk::new
# Possible reasons:
#   The system is out of physical RAM or swap space
#   In 32 bit mode, the process size limit was hit
# Possible solutions:
#   Reduce memory load on the system
#   Increase physical memory or swap space
#   Check if swap backing store is full
#   Use 64 bit Java on a 64 bit OS
#   Decrease Java heap size (-Xmx/-Xms)
#   Decrease number of Java threads
#   Decrease Java thread stack sizes (-Xss)
#   Set larger code cache with -XX:ReservedCodeCacheSize=
# This output file may be truncated or incomplete.
#
#  Out of Memory Error (allocation.cpp:390), pid=5096, tid=14096
#
# JRE version: Java(TM) SE Runtime Environment (8.0_45-b14) (build 1.8.0_45-b14)
# Java VM: Java HotSpot(TM) 64-Bit Server VM (25.45-b02 mixed mode windows-amd64 compressed oops)
# Failed to write core dump. Minidumps are not enabled by default on client versions of Windows
#

---------------  T H R E A D  ---------------

Current thread (0x000000001512d000):  JavaThread "C2 CompilerThread0" daemon [_thread_in_native, id=14096, stack(0x0000000016690000,0x0000000016790000)]

Stack: [0x0000000016690000,0x0000000016790000]
Native frames: (J=compiled Java code, j=interpreted, Vv=VM code, C=native code)
V  [jvm.dll+0x32b57a]


Current CompileTask:
C2:  16907 2703       4       com.android.dx.dex.code.DalvCode::finishProcessingIfNecessary (69 bytes)


---------------  P R O C E S S  ---------------

Java Threads: ( => current thread )
  0x0000000016994000 JavaThread "Service Thread" daemon [_thread_blocked, id=4396, stack(0x0000000016d90000,0x0000000016e90000)]
  0x000000001518d000 JavaThread "C1 CompilerThread2" daemon [_thread_blocked, id=14184, stack(0x0000000016890000,0x0000000016990000)]
  0x0000000015187000 JavaThread "C2 CompilerThread1" daemon [_thread_in_native, id=7464, stack(0x0000000016790000,0x0000000016890000)]
=>0x000000001512d000 JavaThread "C2 CompilerThread0" daemon [_thread_in_native, id=14096, stack(0x0000000016690000,0x0000000016790000)]
  0x000000001512a000 JavaThread "Attach Listener" daemon [_thread_blocked, id=4560, stack(0x0000000016590000,0x0000000016690000)]
  0x0000000015128800 JavaThread "Signal Dispatcher" daemon [_thread_blocked, id=12680, stack(0x0000000016490000,0x0000000016590000)]
  0x0000000002a57000 JavaThread "Finalizer" daemon [_thread_blocked, id=5012, stack(0x0000000016390000,0x0000000016490000)]
  0x0000000002a4e000 JavaThread "Reference Handler" daemon [_thread_blocked, id=9752, stack(0x0000000016290000,0x0000000016390000)]
  0x0000000002960800 JavaThread "main" [_thread_in_vm, id=11248, stack(0x0000000002860000,0x0000000002960000)]

Other Threads:
  0x00000000150f7800 VMThread [stack: 0x0000000016190000,0x0000000016290000] [id=9008]
  0x0000000016994800 WatcherThread [stack: 0x0000000016e90000,0x0000000016f90000] [id=8352]

VM state:not at safepoint (normal execution)

VM Mutex/Monitor currently owned by a thread: None

Heap:
 PSYoungGen      total 128000K, used 26998K [0x00000000eab00000, 0x00000000f2d00000, 0x0000000100000000)
  eden space 122880K, 17% used [0x00000000eab00000,0x00000000ec05fc80,0x00000000f2300000)
  from space 5120K, 99% used [0x00000000f2300000,0x00000000f27fde50,0x00000000f2800000)
  to   space 5120K, 0% used [0x00000000f2800000,0x00000000f2800000,0x00000000f2d00000)
 ParOldGen       total 81920K, used 43837K [0x00000000c0000000, 0x00000000c5000000, 0x00000000eab00000)
  object space 81920K, 53% used [0x00000000c0000000,0x00000000c2acf7a0,0x00000000c5000000)
 Metaspace       used 6696K, capacity 7544K, committed 7680K, reserved 1056768K
  class space    used 627K, capacity 688K, committed 768K, reserved 1048576K

Card table byte_map: [0x0000000011e20000,0x0000000012030000] byte_map_base: 0x0000000011820000

Marking Bits: (ParMarkBitMap*) 0x0000000073c24040
 Begin Bits: [0x0000000012590000, 0x0000000013590000)
 End Bits:   [0x0000000013590000, 0x0000000014590000)

Polling page: 0x00000000027b0000

CodeCache: size=245760Kb used=12206Kb max_used=12206Kb free=233553Kb
 bounds [0x0000000002a60000, 0x0000000003660000, 0x0000000011a60000]
 total_blobs=2858 nmethods=2587 adapters=183
 compilation: enabled

Compilation events (10 events):
Event: 16.864 Thread 0x000000001518d000 nmethod 2702 0x000000000364ed10 code [0x000000000364efa0, 0x00000000036500b8]
Event: 16.864 Thread 0x000000001518d000 2698       3       com.android.dx.dex.file.DebugInfoEncoder::emitTypeIndex (45 bytes)
Event: 16.864 Thread 0x000000001518d000 nmethod 2698 0x0000000003650850 code [0x0000000003650a40, 0x0000000003651358]
Event: 16.869 Thread 0x0000000015187000 2704       4       java.util.ArrayList::sort (48 bytes)
Event: 16.886 Thread 0x000000001518d000 2706       3       com.android.dx.dex.file.DebugInfoEncoder::emitLocalEnd (83 bytes)
Event: 16.888 Thread 0x000000001518d000 nmethod 2706 0x0000000003651690 code [0x00000000036518e0, 0x00000000036527f8]
Event: 16.888 Thread 0x000000001518d000 2707       3       com.android.dx.util.ByteArrayAnnotatedOutput::writeSleb128 (34 bytes)
Event: 16.889 Thread 0x000000001518d000 nmethod 2707 0x0000000003643350 code [0x00000000036434c0, 0x00000000036436f8]
Event: 16.889 Thread 0x000000001518d000 2708       3       com.android.dx.dex.file.DebugInfoEncoder::emitLocalStart (108 bytes)
Event: 16.890 Thread 0x000000001518d000 nmethod 2708 0x0000000003652f50 code [0x00000000036531e0, 0x00000000036542d8]

GC Heap History (10 events):
Event: 3.280 GC heap before
{Heap before GC invocations=1 (full 0):
 PSYoungGen      total 35840K, used 30720K [0x00000000eab00000, 0x00000000ed300000, 0x0000000100000000)
  eden space 30720K, 100% used [0x00000000eab00000,0x00000000ec900000,0x00000000ec900000)
  from space 5120K, 0% used [0x00000000ece00000,0x00000000ece00000,0x00000000ed300000)
  to   space 5120K, 0% used [0x00000000ec900000,0x00000000ec900000,0x00000000ece00000)
 ParOldGen       total 81920K, used 0K [0x00000000c0000000, 0x00000000c5000000, 0x00000000eab00000)
  object space 81920K, 0% used [0x00000000c0000000,0x00000000c0000000,0x00000000c5000000)
 Metaspace       used 5902K, capacity 6960K, committed 7040K, reserved 1056768K
  class space    used 585K, capacity 616K, committed 640K, reserved 1048576K
Event: 3.395 GC heap after
Heap after GC invocations=1 (full 0):
 PSYoungGen      total 35840K, used 5112K [0x00000000eab00000, 0x00000000ef100000, 0x0000000100000000)
  eden space 30720K, 0% used [0x00000000eab00000,0x00000000eab00000,0x00000000ec900000)
  from space 5120K, 99% used [0x00000000ec900000,0x00000000ecdfe048,0x00000000ece00000)
  to   space 5120K, 0% used [0x00000000eec00000,0x00000000eec00000,0x00000000ef100000)
 ParOldGen       total 81920K, used 1337K [0x00000000c0000000, 0x00000000c5000000, 0x00000000eab00000)
  object space 81920K, 1% used [0x00000000c0000000,0x00000000c014e728,0x00000000c5000000)
 Metaspace       used 5902K, capacity 6960K, committed 7040K, reserved 1056768K
  class space    used 585K, capacity 616K, committed 640K, reserved 1048576K
}
Event: 5.120 GC heap before
{Heap before GC invocations=2 (full 0):
 PSYoungGen      total 35840K, used 35832K [0x00000000eab00000, 0x00000000ef100000, 0x0000000100000000)
  eden space 30720K, 100% used [0x00000000eab00000,0x00000000ec900000,0x00000000ec900000)
  from space 5120K, 99% used [0x00000000ec900000,0x00000000ecdfe048,0x00000000ece00000)
  to   space 5120K, 0% used [0x00000000eec00000,0x00000000eec00000,0x00000000ef100000)
 ParOldGen       total 81920K, used 1337K [0x00000000c0000000, 0x00000000c5000000, 0x00000000eab00000)
  object space 81920K, 1% used [0x00000000c0000000,0x00000000c014e728,0x00000000c5000000)
 Metaspace       used 6040K, capacity 7088K, committed 7296K, reserved 1056768K
  class space    used 585K, capacity 616K, committed 640K, reserved 1048576K
Event: 5.474 GC heap after
Heap after GC invocations=2 (full 0):
 PSYoungGen      total 66560K, used 5104K [0x00000000eab00000, 0x00000000ef100000, 0x0000000100000000)
  eden space 61440K, 0% used [0x00000000eab00000,0x00000000eab00000,0x00000000ee700000)
  from space 5120K, 99% used [0x00000000eec00000,0x00000000ef0fc3e8,0x00000000ef100000)
  to   space 5120K, 0% used [0x00000000ee700000,0x00000000ee700000,0x00000000eec00000)
 ParOldGen       total 81920K, used 5901K [0x00000000c0000000, 0x00000000c5000000, 0x00000000eab00000)
  object space 81920K, 7% used [0x00000000c0000000,0x00000000c05c37e0,0x00000000c5000000)
 Metaspace       used 6040K, capacity 7088K, committed 7296K, reserved 1056768K
  class space    used 585K, capacity 616K, committed 640K, reserved 1048576K
}
Event: 8.246 GC heap before
{Heap before GC invocations=3 (full 0):
 PSYoungGen      total 66560K, used 66544K [0x00000000eab00000, 0x00000000ef100000, 0x0000000100000000)
  eden space 61440K, 100% used [0x00000000eab00000,0x00000000ee700000,0x00000000ee700000)
  from space 5120K, 99% used [0x00000000eec00000,0x00000000ef0fc3e8,0x00000000ef100000)
  to   space 5120K, 0% used [0x00000000ee700000,0x00000000ee700000,0x00000000eec00000)
 ParOldGen       total 81920K, used 5901K [0x00000000c0000000, 0x00000000c5000000, 0x00000000eab00000)
  object space 81920K, 7% used [0x00000000c0000000,0x00000000c05c37e0,0x00000000c5000000)
 Metaspace       used 6120K, capacity 7088K, committed 7296K, reserved 1056768K
  class space    used 586K, capacity 616K, committed 640K, reserved 1048576K
Event: 8.319 GC heap after
Heap after GC invocations=3 (full 0):
 PSYoungGen      total 66560K, used 5107K [0x00000000eab00000, 0x00000000f2d00000, 0x0000000100000000)
  eden space 61440K, 0% used [0x00000000eab00000,0x00000000eab00000,0x00000000ee700000)
  from space 5120K, 99% used [0x00000000ee700000,0x00000000eebfcc88,0x00000000eec00000)
  to   space 5120K, 0% used [0x00000000f2800000,0x00000000f2800000,0x00000000f2d00000)
 ParOldGen       total 81920K, used 15312K [0x00000000c0000000, 0x00000000c5000000, 0x00000000eab00000)
  object space 81920K, 18% used [0x00000000c0000000,0x00000000c0ef4278,0x00000000c5000000)
 Metaspace       used 6120K, capacity 7088K, committed 7296K, reserved 1056768K
  class space    used 586K, capacity 616K, committed 640K, reserved 1048576K
}
Event: 10.247 GC heap before
{Heap before GC invocations=4 (full 0):
 PSYoungGen      total 66560K, used 66547K [0x00000000eab00000, 0x00000000f2d00000, 0x0000000100000000)
  eden space 61440K, 100% used [0x00000000eab00000,0x00000000ee700000,0x00000000ee700000)
  from space 5120K, 99% used [0x00000000ee700000,0x00000000eebfcc88,0x00000000eec00000)
  to   space 5120K, 0% used [0x00000000f2800000,0x00000000f2800000,0x00000000f2d00000)
 ParOldGen       total 81920K, used 15312K [0x00000000c0000000, 0x00000000c5000000, 0x00000000eab00000)
  object space 81920K, 18% used [0x00000000c0000000,0x00000000c0ef4278,0x00000000c5000000)
 Metaspace       used 6232K, capacity 7156K, committed 7296K, reserved 1056768K
  class space    used 606K, capacity 620K, committed 640K, reserved 1048576K
Event: 10.538 GC heap after
Heap after GC invocations=4 (full 0):
 PSYoungGen      total 128000K, used 5092K [0x00000000eab00000, 0x00000000f2d00000, 0x0000000100000000)
  eden space 122880K, 0% used [0x00000000eab00000,0x00000000eab00000,0x00000000f2300000)
  from space 5120K, 99% used [0x00000000f2800000,0x00000000f2cf9388,0x00000000f2d00000)
  to   space 5120K, 0% used [0x00000000f2300000,0x00000000f2300000,0x00000000f2800000)
 ParOldGen       total 81920K, used 25598K [0x00000000c0000000, 0x00000000c5000000, 0x00000000eab00000)
  object space 81920K, 31% used [0x00000000c0000000,0x00000000c18ffa90,0x00000000c5000000)
 Metaspace       used 6232K, capacity 7156K, committed 7296K, reserved 1056768K
  class space    used 606K, capacity 620K, committed 640K, reserved 1048576K
}
Event: 13.815 GC heap before
{Heap before GC invocations=5 (full 0):
 PSYoungGen      total 128000K, used 127972K [0x00000000eab00000, 0x00000000f2d00000, 0x0000000100000000)
  eden space 122880K, 100% used [0x00000000eab00000,0x00000000f2300000,0x00000000f2300000)
  from space 5120K, 99% used [0x00000000f2800000,0x00000000f2cf9388,0x00000000f2d00000)
  to   space 5120K, 0% used [0x00000000f2300000,0x00000000f2300000,0x00000000f2800000)
 ParOldGen       total 81920K, used 25598K [0x00000000c0000000, 0x00000000c5000000, 0x00000000eab00000)
  object space 81920K, 31% used [0x00000000c0000000,0x00000000c18ffa90,0x00000000c5000000)
 Metaspace       used 6323K, capacity 7222K, committed 7296K, reserved 1056768K
  class space    used 608K, capacity 622K, committed 640K, reserved 1048576K
Event: 14.245 GC heap after
Heap after GC invocations=5 (full 0):
 PSYoungGen      total 128000K, used 5111K [0x00000000eab00000, 0x00000000f2d00000, 0x0000000100000000)
  eden space 122880K, 0% used [0x00000000eab00000,0x00000000eab00000,0x00000000f2300000)
  from space 5120K, 99% used [0x00000000f2300000,0x00000000f27fde50,0x00000000f2800000)
  to   space 5120K, 0% used [0x00000000f2800000,0x00000000f2800000,0x00000000f2d00000)
 ParOldGen       total 81920K, used 43837K [0x00000000c0000000, 0x00000000c5000000, 0x00000000eab00000)
  object space 81920K, 53% used [0x00000000c0000000,0x00000000c2acf7a0,0x00000000c5000000)
 Metaspace       used 6323K, capacity 7222K, committed 7296K, reserved 1056768K
  class space    used 608K, capacity 622K, committed 640K, reserved 1048576K
}

Deoptimization events (10 events):
Event: 14.886 Thread 0x0000000002960800 Uncommon trap: reason=bimorphic action=maybe_recompile pc=0x00000000034ce67c method=java.util.Arrays.hashCode([Ljava/lang/Object;)I @ 43
Event: 14.886 Thread 0x0000000002960800 Uncommon trap: reason=bimorphic action=maybe_recompile pc=0x00000000034ce67c method=java.util.Arrays.hashCode([Ljava/lang/Object;)I @ 43
Event: 15.425 Thread 0x0000000002960800 Uncommon trap: reason=unstable_if action=reinterpret pc=0x00000000035188b8 method=com.android.dx.dex.file.DexFile.internIfAppropriate(Lcom/android/dx/rop/cst/Constant;)V @ 92
Event: 15.539 Thread 0x0000000002960800 Uncommon trap: reason=speculate_class_check action=maybe_recompile pc=0x0000000002dfd1e8 method=com.android.dx.util.FixedSizeList.equals(Ljava/lang/Object;)Z @ 25
Event: 15.593 Thread 0x0000000002960800 Uncommon trap: reason=speculate_class_check action=maybe_recompile pc=0x0000000002dfd1e8 method=com.android.dx.util.FixedSizeList.equals(Ljava/lang/Object;)Z @ 25
Event: 15.593 Thread 0x0000000002960800 Uncommon trap: reason=speculate_class_check action=maybe_recompile pc=0x0000000002dfd1e8 method=com.android.dx.util.FixedSizeList.equals(Ljava/lang/Object;)Z @ 25
Event: 15.593 Thread 0x0000000002960800 Uncommon trap: reason=speculate_class_check action=maybe_recompile pc=0x0000000002dfd1e8 method=com.android.dx.util.FixedSizeList.equals(Ljava/lang/Object;)Z @ 25
Event: 15.863 Thread 0x0000000002960800 Uncommon trap: reason=unstable_if action=reinterpret pc=0x000000000328ff38 method=java.util.TreeMap.put(Ljava/lang/Object;Ljava/lang/Object;)Ljava/lang/Object; @ 163
Event: 15.940 Thread 0x0000000002960800 Uncommon trap: reason=unstable_if action=reinterpret pc=0x000000000358d09c method=com.android.dx.rop.code.RegisterSpec.matchesVariable(Lcom/android/dx/rop/code/RegisterSpec;)Z @ 59
Event: 16.834 Thread 0x0000000002960800 Uncommon trap: reason=unstable_if action=reinterpret pc=0x00000000033b7424 method=java.util.ArrayList.<init>(I)V @ 5

Internal exceptions (5 events):
Event: 0.106 Thread 0x0000000002960800 Exception <a 'java/lang/NoSuchMethodError': Method sun.misc.Unsafe.defineClass(Ljava/lang/String;[BII)Ljava/lang/Class; name or signature does not match> (0x00000000eab0d4e0) thrown at [C:\re\workspace\8-2-build-windows-amd64-cygwin\jdk8u45\3457\hotspot\srÿ—ÒÀ~;ª?
Event: 0.106 Thread 0x0000000002960800 Exception <a 'java/lang/NoSuchMethodError': Method sun.misc.Unsafe.prefetchRead(Ljava/lang/Object;J)V name or signature does not match> (0x00000000eab0d770) thrown at [C:\re\workspace\8-2-build-windows-amd64-cygwin\jdk8u45\3457\hotspot\src\share\vm\prims\jä§Ÿ√CS$@
Event: 10.163 Thread 0x0000000016c06000 Exception <a 'java/lang/ArrayIndexOutOfBoundsException': 18> (0x00000000edcdad98) thrown at [C:\re\workspace\8-2-build-windows-amd64-cygwin\jdk8u45\3457\hotspot\src\share\vm\interpreter\interpreterRuntime.cpp, line 366]
Event: 10.163 Thread 0x0000000016c06000 Exception <a 'java/lang/ArrayIndexOutOfBoundsException'> (0x00000000edcdc868) thrown at [C:\re\workspace\8-2-build-windows-amd64-cygwin\jdk8u45\3457\hotspot\src\share\vm\runtime\sharedRuntime.cpp, line 605]
Event: 10.164 Thread 0x0000000016c06000 Exception <a 'java/lang/ArrayIndexOutOfBoundsException'> (0x00000000edcddaa0) thrown at [C:\re\workspace\8-2-build-windows-amd64-cygwin\jdk8u45\3457\hotspot\src\share\vm\runtime\sharedRuntime.cpp, line 605]

Events (10 events):
Event: 16.351 Thread 0x0000000002960800 DEOPT UNPACKING pc=0x0000000002aa787f sp=0x000000000295efa0 mode 0
Event: 16.831 loading class com/android/dx/dex/file/DebugInfoEncoder
Event: 16.831 loading class com/android/dx/dex/file/DebugInfoEncoder done
Event: 16.833 loading class com/android/dx/dex/file/DebugInfoEncoder$1
Event: 16.833 loading class com/android/dx/dex/file/DebugInfoEncoder$1 done
Event: 16.833 loading class com/android/dx/dex/file/DebugInfoEncoder$2
Event: 16.833 loading class com/android/dx/dex/file/DebugInfoEncoder$2 done
Event: 16.834 Thread 0x0000000002960800 Uncommon trap: trap_request=0xffffff65 fr.pc=0x00000000033b7424
Event: 16.834 Thread 0x0000000002960800 DEOPT PACKING pc=0x00000000033b7424 sp=0x000000000295f0b0
Event: 16.834 Thread 0x0000000002960800 DEOPT UNPACKING pc=0x0000000002aa582a sp=0x000000000295f058 mode 2


Dynamic libraries:
0x00007ff7cb4a0000 - 0x00007ff7cb4d7000 	C:\Program Files\Java\jdk1.8.0_45\bin\java.exe
0x00007ffa987e0000 - 0x00007ffa9898c000 	C:\Windows\SYSTEM32\ntdll.dll
0x00007ffa986a0000 - 0x00007ffa987de000 	C:\Windows\system32\KERNEL32.DLL
0x00007ffa95a60000 - 0x00007ffa95b75000 	C:\Windows\system32\KERNELBASE.dll
0x00007ffa944d0000 - 0x00007ffa9455e000 	C:\Windows\system32\apphelp.dll
0x00007ffa88380000 - 0x00007ffa883d3000 	C:\Windows\AppPatch\AppPatch64\AcGenral.DLL
0x00007ffa96160000 - 0x00007ffa9620a000 	C:\Windows\system32\msvcrt.dll
0x00007ffa95760000 - 0x00007ffa9578e000 	C:\Windows\SYSTEM32\SspiCli.dll
0x00007ffa96930000 - 0x00007ffa96984000 	C:\Windows\system32\SHLWAPI.dll
0x00007ffa980e0000 - 0x00007ffa98257000 	C:\Windows\system32\USER32.dll
0x00007ffa982e0000 - 0x00007ffa98474000 	C:\Windows\system32\ole32.dll
0x00007ffa96b50000 - 0x00007ffa9807a000 	C:\Windows\system32\SHELL32.dll
0x00007ffa94d50000 - 0x00007ffa94d71000 	C:\Windows\SYSTEM32\USERENV.dll
0x00007ffa96210000 - 0x00007ffa962ba000 	C:\Windows\system32\ADVAPI32.dll
0x00007ffa8c880000 - 0x00007ffa8c89e000 	C:\Windows\SYSTEM32\MPR.dll
0x00007ffa96480000 - 0x00007ffa965c1000 	C:\Windows\system32\RPCRT4.dll
0x00007ffa96af0000 - 0x00007ffa96b49000 	C:\Windows\SYSTEM32\sechost.dll
0x00007ffa965d0000 - 0x00007ffa967e1000 	C:\Windows\SYSTEM32\combase.dll
0x00007ffa95e80000 - 0x00007ffa95fd0000 	C:\Windows\system32\GDI32.dll
0x00007ffa95930000 - 0x00007ffa95945000 	C:\Windows\SYSTEM32\profapi.dll
0x00007ffa94160000 - 0x00007ffa94212000 	C:\Windows\SYSTEM32\SHCORE.dll
0x00007ffa98480000 - 0x00007ffa984b6000 	C:\Windows\system32\IMM32.DLL
0x00007ffa96990000 - 0x00007ffa96ae2000 	C:\Windows\system32\MSCTF.dll
0x00007ffa93800000 - 0x00007ffa93a7b000 	C:\Windows\WinSxS\amd64_microsoft.windows.common-controls_6595b64144ccf1df_6.0.9600.18006_none_623f33d3ecbe86e8\COMCTL32.dll
0x0000000073170000 - 0x0000000073242000 	C:\Program Files\Java\jdk1.8.0_45\jre\bin\msvcr100.dll
0x0000000073420000 - 0x0000000073ca3000 	C:\Program Files\Java\jdk1.8.0_45\jre\bin\server\jvm.dll
0x00007ffa92870000 - 0x00007ffa92879000 	C:\Windows\SYSTEM32\WSOCK32.dll
0x00007ffa8c6c0000 - 0x00007ffa8c6e2000 	C:\Windows\SYSTEM32\WINMM.dll
0x00007ffa8f060000 - 0x00007ffa8f06a000 	C:\Windows\SYSTEM32\VERSION.dll
0x00007ffa98270000 - 0x00007ffa98277000 	C:\Windows\system32\PSAPI.DLL
0x00007ffa98280000 - 0x00007ffa982da000 	C:\Windows\system32\WS2_32.dll
0x00007ffa8c690000 - 0x00007ffa8c6ba000 	C:\Windows\SYSTEM32\WINMMBASE.dll
0x00007ffa96470000 - 0x00007ffa96479000 	C:\Windows\system32\NSI.dll
0x00007ffa95b80000 - 0x00007ffa95bcf000 	C:\Windows\SYSTEM32\cfgmgr32.dll
0x00007ffa94750000 - 0x00007ffa94778000 	C:\Windows\SYSTEM32\DEVOBJ.dll
0x00000000741b0000 - 0x00000000741bf000 	C:\Program Files\Java\jdk1.8.0_45\jre\bin\verify.dll
0x0000000074180000 - 0x00000000741a9000 	C:\Program Files\Java\jdk1.8.0_45\jre\bin\java.dll
0x0000000074160000 - 0x0000000074176000 	C:\Program Files\Java\jdk1.8.0_45\jre\bin\zip.dll
0x00007ffa835d0000 - 0x00007ffa83759000 	C:\Windows\SYSTEM32\dbghelp.dll

VM Arguments:
jvm_args: -Djava.awt.headless=true -Xmx1024M -Dfile.encoding=windows-1252 -Duser.country=NZ -Duser.language=en -Duser.variant 
java_command: com.android.dx.command.Main --dex --num-threads=4 --output C:\Users\Ran_the_User\Documents\GitHub\ANDROID\VAN_App\app\build\intermediates\pre-dexed\debug\com.android.support-appcompat-v7-23.1.1_da051aa98fc6bd953dff1ac0689a641c35ad035e.jar C:\Users\Ran_the_User\Documents\GitHub\ANDROID\VAN_App\app\build\intermediates\exploded-aar\com.android.support\appcompat-v7\23.1.1\jars\classes.jar
java_class_path (initial): C:\Users\Ran_the_User\AppData\Local\Android\sdk\build-tools\23.0.1\lib\dx.jar
Launcher Type: SUN_STANDARD

Environment Variables:
PATH=C:\Python27\Lib\site-packages\PyQt4;C:\Python27\Lib\site-packages\PyQt4;C:\OpenCV\myBuild\bin\Debug;C:\Python27\;C:\Python27\Scripts;C:\ProgramData\Oracle\Java\javapath;C:\Windows\system32;C:\Windows;C:\Windows\System32\Wbem;C:\Windows\System32\WindowsPowerShell\v1.0\;C:\Program Files\MATLAB\R2015b\bin;C:\Program Files (x86)\Windows Live\Shared;C:\Program Files (x86)\Windows Kits\8.1\Windows Performance Toolkit\;C:\Program Files (x86)\CMake\bin;C:\Program Files\Git\cmd;C:\Program Files\Microsoft Windows Performance Toolkit\;C:\Program Files (x86)\Skype\Phone\;C:\Program Files (x86)\GitExtensions\;
USERNAME=Ran_the_User
OS=Windows_NT
PROCESSOR_IDENTIFIER=Intel64 Family 6 Model 58 Stepping 9, GenuineIntel



---------------  S Y S T E M  ---------------

OS: Windows 8.1 , 64 bit Build 9600 (6.3.9600.17415)

CPU:total 4 (2 cores per cpu, 2 threads per core) family 6 model 58 stepping 9, cmov, cx8, fxsr, mmx, sse, sse2, sse3, ssse3, sse4.1, sse4.2, popcnt, avx, aes, clmul, erms, ht, tsc, tscinvbit, tscinv

Memory: 4k page, physical 7812792k(881528k free), swap 10958520k(5136k free)

vm_info: Java HotSpot(TM) 64-Bit Server VM (25.45-b02) for windows-amd64 JRE (1.8.0_45-b14), built on Apr 10 2015 10:34:15 by "java_re" with MS VC++ 10.0 (VS2010)

time: Tue Jun 14 01:18:57 2016
elapsed time: 16 seconds (0d 0h 0m 16s)

