#
# There is insufficient memory for the Java Runtime Environment to continue.
# Native memory allocation (malloc) failed to allocate 188336 bytes for Chunk::new
# Possible reasons:
#   The system is out of physical RAM or swap space
#   In 32 bit mode, the process size limit was hit
# Possible solutions:
#   Reduce memory load on the system
#   Increase physical memory or swap space
#   Check if swap backing store is full
#   Use 64 bit Java on a 64 bit OS
#   Decrease Java heap size (-Xmx/-Xms)
#   Decrease number of Java threads
#   Decrease Java thread stack sizes (-Xss)
#   Set larger code cache with -XX:ReservedCodeCacheSize=
# This output file may be truncated or incomplete.
#
#  Out of Memory Error (allocation.cpp:390), pid=13040, tid=6616
#
# JRE version: Java(TM) SE Runtime Environment (8.0_45-b14) (build 1.8.0_45-b14)
# Java VM: Java HotSpot(TM) 64-Bit Server VM (25.45-b02 mixed mode windows-amd64 compressed oops)
# Failed to write core dump. Minidumps are not enabled by default on client versions of Windows
#

---------------  T H R E A D  ---------------

Current thread (0x0000000014eb5800):  JavaThread "C2 CompilerThread1" daemon [_thread_in_native, id=6616, stack(0x00000000164b0000,0x00000000165b0000)]

Stack: [0x00000000164b0000,0x00000000165b0000]
Native frames: (J=compiled Java code, j=interpreted, Vv=VM code, C=native code)
V  [jvm.dll+0x32b57a]


Current CompileTask:
C2:  10877 2101       4       com.android.dx.dex.code.OutputFinisher::calculateReservedCount (122 bytes)


---------------  P R O C E S S  ---------------

Java Threads: ( => current thread )
  0x00000000166bc800 JavaThread "Service Thread" daemon [_thread_blocked, id=12644, stack(0x0000000016ab0000,0x0000000016bb0000)]
  0x0000000014ebc000 JavaThread "C1 CompilerThread2" daemon [_thread_blocked, id=8264, stack(0x00000000165b0000,0x00000000166b0000)]
=>0x0000000014eb5800 JavaThread "C2 CompilerThread1" daemon [_thread_in_native, id=6616, stack(0x00000000164b0000,0x00000000165b0000)]
  0x0000000014e5b800 JavaThread "C2 CompilerThread0" daemon [_thread_in_vm, id=8292, stack(0x00000000163b0000,0x00000000164b0000)]
  0x0000000014e58800 JavaThread "Attach Listener" daemon [_thread_blocked, id=5200, stack(0x00000000162b0000,0x00000000163b0000)]
  0x0000000014e57800 JavaThread "Signal Dispatcher" daemon [_thread_blocked, id=1760, stack(0x00000000161b0000,0x00000000162b0000)]
  0x0000000002787000 JavaThread "Finalizer" daemon [_thread_blocked, id=2452, stack(0x00000000160b0000,0x00000000161b0000)]
  0x000000000277e800 JavaThread "Reference Handler" daemon [_thread_blocked, id=6796, stack(0x0000000015fb0000,0x00000000160b0000)]
  0x0000000002690800 JavaThread "main" [_thread_in_Java, id=11716, stack(0x0000000002510000,0x0000000002610000)]

Other Threads:
  0x0000000014e26800 VMThread [stack: 0x0000000015eb0000,0x0000000015fb0000] [id=7400]
  0x00000000166b3800 WatcherThread [stack: 0x0000000016bb0000,0x0000000016cb0000] [id=7936]

VM state:not at safepoint (normal execution)

VM Mutex/Monitor currently owned by a thread: None

Heap:
 PSYoungGen      total 66560K, used 56382K [0x00000000eab00000, 0x00000000ef100000, 0x0000000100000000)
  eden space 61440K, 83% used [0x00000000eab00000,0x00000000edd11008,0x00000000ee700000)
  from space 5120K, 99% used [0x00000000eec00000,0x00000000ef0feac8,0x00000000ef100000)
  to   space 5120K, 0% used [0x00000000ee700000,0x00000000ee700000,0x00000000eec00000)
 ParOldGen       total 81920K, used 5008K [0x00000000c0000000, 0x00000000c5000000, 0x00000000eab00000)
  object space 81920K, 6% used [0x00000000c0000000,0x00000000c04e43f8,0x00000000c5000000)
 Metaspace       used 6498K, capacity 7408K, committed 7552K, reserved 1056768K
  class space    used 603K, capacity 616K, committed 640K, reserved 1048576K

Card table byte_map: [0x0000000011b50000,0x0000000011d60000] byte_map_base: 0x0000000011550000

Marking Bits: (ParMarkBitMap*) 0x0000000073c24040
 Begin Bits: [0x00000000122c0000, 0x00000000132c0000)
 End Bits:   [0x00000000132c0000, 0x00000000142c0000)

Polling page: 0x0000000000d60000

CodeCache: size=245760Kb used=8996Kb max_used=9007Kb free=236763Kb
 bounds [0x0000000002790000, 0x0000000003070000, 0x0000000011790000]
 total_blobs=2370 nmethods=2100 adapters=182
 compilation: enabled

Compilation events (10 events):
Event: 10.823 Thread 0x0000000014eb5800 nmethod 2096 0x0000000003058c90 code [0x0000000003058e20, 0x0000000003059678]
Event: 10.823 Thread 0x0000000014eb5800 2101       4       com.android.dx.dex.code.OutputFinisher::calculateReservedCount (122 bytes)
Event: 10.824 Thread 0x0000000014ebc000 2105       1       com.android.dx.dex.code.CatchHandlerList$Entry::getExceptionType (5 bytes)
Event: 10.824 Thread 0x0000000014ebc000 nmethod 2105 0x000000000304b010 code [0x000000000304b160, 0x000000000304b270]
Event: 10.825 Thread 0x0000000014ebc000 2107       3       com.android.dx.dex.code.LocalList$MakeState::checkForEmptyRange (198 bytes)
Event: 10.828 Thread 0x0000000014ebc000 nmethod 2107 0x0000000003059c50 code [0x0000000003059fe0, 0x000000000305be28]
Event: 10.828 Thread 0x0000000014ebc000 2109       3       com.android.dx.dex.code.CatchHandlerList::get (9 bytes)
Event: 10.828 Thread 0x0000000014ebc000 nmethod 2109 0x0000000003058790 code [0x0000000003058900, 0x0000000003058be8]
Event: 10.830 Thread 0x0000000014ebc000 2111       3       com.android.dx.dex.file.StringIdsSection::get (49 bytes)
Event: 10.830 Thread 0x0000000014ebc000 nmethod 2111 0x0000000003057a50 code [0x0000000003057c40, 0x0000000003058498]

GC Heap History (4 events):
Event: 3.638 GC heap before
{Heap before GC invocations=1 (full 0):
 PSYoungGen      total 35840K, used 30720K [0x00000000eab00000, 0x00000000ed300000, 0x0000000100000000)
  eden space 30720K, 100% used [0x00000000eab00000,0x00000000ec900000,0x00000000ec900000)
  from space 5120K, 0% used [0x00000000ece00000,0x00000000ece00000,0x00000000ed300000)
  to   space 5120K, 0% used [0x00000000ec900000,0x00000000ec900000,0x00000000ece00000)
 ParOldGen       total 81920K, used 0K [0x00000000c0000000, 0x00000000c5000000, 0x00000000eab00000)
  object space 81920K, 0% used [0x00000000c0000000,0x00000000c0000000,0x00000000c5000000)
 Metaspace       used 5974K, capacity 7024K, committed 7296K, reserved 1056768K
  class space    used 584K, capacity 616K, committed 640K, reserved 1048576K
Event: 3.690 GC heap after
Heap after GC invocations=1 (full 0):
 PSYoungGen      total 35840K, used 5093K [0x00000000eab00000, 0x00000000ef100000, 0x0000000100000000)
  eden space 30720K, 0% used [0x00000000eab00000,0x00000000eab00000,0x00000000ec900000)
  from space 5120K, 99% used [0x00000000ec900000,0x00000000ecdf94c0,0x00000000ece00000)
  to   space 5120K, 0% used [0x00000000eec00000,0x00000000eec00000,0x00000000ef100000)
 ParOldGen       total 81920K, used 1062K [0x00000000c0000000, 0x00000000c5000000, 0x00000000eab00000)
  object space 81920K, 1% used [0x00000000c0000000,0x00000000c0109a88,0x00000000c5000000)
 Metaspace       used 5974K, capacity 7024K, committed 7296K, reserved 1056768K
  class space    used 584K, capacity 616K, committed 640K, reserved 1048576K
}
Event: 6.166 GC heap before
{Heap before GC invocations=2 (full 0):
 PSYoungGen      total 35840K, used 35813K [0x00000000eab00000, 0x00000000ef100000, 0x0000000100000000)
  eden space 30720K, 100% used [0x00000000eab00000,0x00000000ec900000,0x00000000ec900000)
  from space 5120K, 99% used [0x00000000ec900000,0x00000000ecdf94c0,0x00000000ece00000)
  to   space 5120K, 0% used [0x00000000eec00000,0x00000000eec00000,0x00000000ef100000)
 ParOldGen       total 81920K, used 1062K [0x00000000c0000000, 0x00000000c5000000, 0x00000000eab00000)
  object space 81920K, 1% used [0x00000000c0000000,0x00000000c0109a88,0x00000000c5000000)
 Metaspace       used 6096K, capacity 7088K, committed 7296K, reserved 1056768K
  class space    used 585K, capacity 616K, committed 640K, reserved 1048576K
Event: 6.433 GC heap after
Heap after GC invocations=2 (full 0):
 PSYoungGen      total 66560K, used 5114K [0x00000000eab00000, 0x00000000ef100000, 0x0000000100000000)
  eden space 61440K, 0% used [0x00000000eab00000,0x00000000eab00000,0x00000000ee700000)
  from space 5120K, 99% used [0x00000000eec00000,0x00000000ef0feac8,0x00000000ef100000)
  to   space 5120K, 0% used [0x00000000ee700000,0x00000000ee700000,0x00000000eec00000)
 ParOldGen       total 81920K, used 5008K [0x00000000c0000000, 0x00000000c5000000, 0x00000000eab00000)
  object space 81920K, 6% used [0x00000000c0000000,0x00000000c04e43f8,0x00000000c5000000)
 Metaspace       used 6096K, capacity 7088K, committed 7296K, reserved 1056768K
  class space    used 585K, capacity 616K, committed 640K, reserved 1048576K
}

Deoptimization events (10 events):
Event: 10.382 Thread 0x0000000002690800 Uncommon trap: reason=speculate_class_check action=maybe_recompile pc=0x0000000002ca127c method=com.android.dx.util.FixedSizeList.equals(Ljava/lang/Object;)Z @ 25
Event: 10.382 Thread 0x0000000002690800 Uncommon trap: reason=class_check action=maybe_recompile pc=0x0000000002b51aac method=java.util.Arrays.equals([Ljava/lang/Object;[Ljava/lang/Object;)Z @ 62
Event: 10.382 Thread 0x0000000002690800 Uncommon trap: reason=speculate_class_check action=maybe_recompile pc=0x0000000002ca127c method=com.android.dx.util.FixedSizeList.equals(Ljava/lang/Object;)Z @ 25
Event: 10.382 Thread 0x0000000002690800 Uncommon trap: reason=class_check action=maybe_recompile pc=0x0000000002b51aac method=java.util.Arrays.equals([Ljava/lang/Object;[Ljava/lang/Object;)Z @ 62
Event: 10.382 Thread 0x0000000002690800 Uncommon trap: reason=speculate_class_check action=maybe_recompile pc=0x0000000002ca127c method=com.android.dx.util.FixedSizeList.equals(Ljava/lang/Object;)Z @ 25
Event: 10.382 Thread 0x0000000002690800 Uncommon trap: reason=class_check action=maybe_recompile pc=0x0000000002b51aac method=java.util.Arrays.equals([Ljava/lang/Object;[Ljava/lang/Object;)Z @ 62
Event: 10.382 Thread 0x0000000002690800 Uncommon trap: reason=speculate_class_check action=maybe_recompile pc=0x0000000002ca127c method=com.android.dx.util.FixedSizeList.equals(Ljava/lang/Object;)Z @ 25
Event: 10.382 Thread 0x0000000002690800 Uncommon trap: reason=class_check action=maybe_recompile pc=0x0000000002b51aac method=java.util.Arrays.equals([Ljava/lang/Object;[Ljava/lang/Object;)Z @ 62
Event: 10.441 Thread 0x0000000002690800 Uncommon trap: reason=unstable_if action=reinterpret pc=0x0000000003000180 method=com.android.dx.dex.code.OutputFinisher.findOpcodeForInsn(Lcom/android/dx/dex/code/DalvInsn;Lcom/android/dx/dex/code/Dop;)Lcom/android/dx/dex/code/Dop; @ 1
Event: 10.520 Thread 0x0000000002690800 Uncommon trap: reason=unstable_if action=reinterpret pc=0x0000000002ebee0c method=java.util.TreeMap.put(Ljava/lang/Object;Ljava/lang/Object;)Ljava/lang/Object; @ 163

Internal exceptions (4 events):
Event: 0.046 Thread 0x0000000002690800 Exception <a 'java/lang/NoSuchMethodError': Method sun.misc.Unsafe.defineClass(Ljava/lang/String;[BII)Ljava/lang/Class; name or signature does not match> (0x00000000eab0d4d8) thrown at [C:\re\workspace\8-2-build-windows-amd64-cygwin\jdk8u45\3457\hotspot\srj§wx«¡§?
Event: 0.046 Thread 0x0000000002690800 Exception <a 'java/lang/NoSuchMethodError': Method sun.misc.Unsafe.prefetchRead(Ljava/lang/Object;J)V name or signature does not match> (0x00000000eab0d768) thrown at [C:\re\workspace\8-2-build-windows-amd64-cygwin\jdk8u45\3457\hotspot\src\share\vm\prims\jÜ"ÙBÂ	@
Event: 3.133 Thread 0x0000000016915800 Implicit null exception at 0x0000000002b0e52f to 0x0000000002b0fbc9
Event: 3.133 Thread 0x0000000016915800 Implicit null exception at 0x0000000002af562c to 0x0000000002af69b5

Events (10 events):
Event: 10.383 loading class com/android/dx/util/ByteArrayAnnotatedOutput
Event: 10.383 loading class com/android/dx/util/ByteArrayAnnotatedOutput done
Event: 10.441 Thread 0x0000000002690800 Uncommon trap: trap_request=0xffffff65 fr.pc=0x0000000003000180
Event: 10.441 Thread 0x0000000002690800 DEOPT PACKING pc=0x0000000003000180 sp=0x000000000260edd0
Event: 10.441 Thread 0x0000000002690800 DEOPT UNPACKING pc=0x00000000027d582a sp=0x000000000260ed70 mode 2
Event: 10.441 loading class com/android/dx/rop/code/RegisterSpecList$Expander
Event: 10.441 loading class com/android/dx/rop/code/RegisterSpecList$Expander done
Event: 10.520 Thread 0x0000000002690800 Uncommon trap: trap_request=0xffffff65 fr.pc=0x0000000002ebee0c
Event: 10.520 Thread 0x0000000002690800 DEOPT PACKING pc=0x0000000002ebee0c sp=0x000000000260ef80
Event: 10.520 Thread 0x0000000002690800 DEOPT UNPACKING pc=0x00000000027d582a sp=0x000000000260ef20 mode 2


Dynamic libraries:
0x00007ff7cb4a0000 - 0x00007ff7cb4d7000 	C:\Program Files\Java\jdk1.8.0_45\bin\java.exe
0x00007ffa987e0000 - 0x00007ffa9898c000 	C:\Windows\SYSTEM32\ntdll.dll
0x00007ffa986a0000 - 0x00007ffa987de000 	C:\Windows\system32\KERNEL32.DLL
0x00007ffa95a60000 - 0x00007ffa95b75000 	C:\Windows\system32\KERNELBASE.dll
0x00007ffa944d0000 - 0x00007ffa9455e000 	C:\Windows\system32\apphelp.dll
0x00007ffa88380000 - 0x00007ffa883d3000 	C:\Windows\AppPatch\AppPatch64\AcGenral.DLL
0x00007ffa96160000 - 0x00007ffa9620a000 	C:\Windows\system32\msvcrt.dll
0x00007ffa95760000 - 0x00007ffa9578e000 	C:\Windows\SYSTEM32\SspiCli.dll
0x00007ffa96930000 - 0x00007ffa96984000 	C:\Windows\system32\SHLWAPI.dll
0x00007ffa980e0000 - 0x00007ffa98257000 	C:\Windows\system32\USER32.dll
0x00007ffa982e0000 - 0x00007ffa98474000 	C:\Windows\system32\ole32.dll
0x00007ffa96b50000 - 0x00007ffa9807a000 	C:\Windows\system32\SHELL32.dll
0x00007ffa94d50000 - 0x00007ffa94d71000 	C:\Windows\SYSTEM32\USERENV.dll
0x00007ffa96210000 - 0x00007ffa962ba000 	C:\Windows\system32\ADVAPI32.dll
0x00007ffa8c880000 - 0x00007ffa8c89e000 	C:\Windows\SYSTEM32\MPR.dll
0x00007ffa96480000 - 0x00007ffa965c1000 	C:\Windows\system32\RPCRT4.dll
0x00007ffa96af0000 - 0x00007ffa96b49000 	C:\Windows\SYSTEM32\sechost.dll
0x00007ffa965d0000 - 0x00007ffa967e1000 	C:\Windows\SYSTEM32\combase.dll
0x00007ffa95e80000 - 0x00007ffa95fd0000 	C:\Windows\system32\GDI32.dll
0x00007ffa95930000 - 0x00007ffa95945000 	C:\Windows\SYSTEM32\profapi.dll
0x00007ffa94160000 - 0x00007ffa94212000 	C:\Windows\SYSTEM32\SHCORE.dll
0x00007ffa98480000 - 0x00007ffa984b6000 	C:\Windows\system32\IMM32.DLL
0x00007ffa96990000 - 0x00007ffa96ae2000 	C:\Windows\system32\MSCTF.dll
0x00007ffa93800000 - 0x00007ffa93a7b000 	C:\Windows\WinSxS\amd64_microsoft.windows.common-controls_6595b64144ccf1df_6.0.9600.18006_none_623f33d3ecbe86e8\COMCTL32.dll
0x0000000073170000 - 0x0000000073242000 	C:\Program Files\Java\jdk1.8.0_45\jre\bin\msvcr100.dll
0x0000000073420000 - 0x0000000073ca3000 	C:\Program Files\Java\jdk1.8.0_45\jre\bin\server\jvm.dll
0x00007ffa92870000 - 0x00007ffa92879000 	C:\Windows\SYSTEM32\WSOCK32.dll
0x00007ffa8c6c0000 - 0x00007ffa8c6e2000 	C:\Windows\SYSTEM32\WINMM.dll
0x00007ffa8f060000 - 0x00007ffa8f06a000 	C:\Windows\SYSTEM32\VERSION.dll
0x00007ffa98270000 - 0x00007ffa98277000 	C:\Windows\system32\PSAPI.DLL
0x00007ffa98280000 - 0x00007ffa982da000 	C:\Windows\system32\WS2_32.dll
0x00007ffa8c690000 - 0x00007ffa8c6ba000 	C:\Windows\SYSTEM32\WINMMBASE.dll
0x00007ffa96470000 - 0x00007ffa96479000 	C:\Windows\system32\NSI.dll
0x00007ffa95b80000 - 0x00007ffa95bcf000 	C:\Windows\SYSTEM32\cfgmgr32.dll
0x00007ffa94750000 - 0x00007ffa94778000 	C:\Windows\SYSTEM32\DEVOBJ.dll
0x00000000741b0000 - 0x00000000741bf000 	C:\Program Files\Java\jdk1.8.0_45\jre\bin\verify.dll
0x0000000074180000 - 0x00000000741a9000 	C:\Program Files\Java\jdk1.8.0_45\jre\bin\java.dll
0x0000000074160000 - 0x0000000074176000 	C:\Program Files\Java\jdk1.8.0_45\jre\bin\zip.dll
0x00007ffa835d0000 - 0x00007ffa83759000 	C:\Windows\SYSTEM32\dbghelp.dll

VM Arguments:
jvm_args: -Djava.awt.headless=true -Xmx1024M -Dfile.encoding=windows-1252 -Duser.country=NZ -Duser.language=en -Duser.variant 
java_command: com.android.dx.command.Main --dex --num-threads=4 --output C:\Users\Ran_the_User\Documents\GitHub\ANDROID\VAN_App\app\build\intermediates\pre-dexed\debug\internal_impl-23.1.1_0133d891cdbee612e83ffc3b58dac3ed7fe5f1e4.jar C:\Users\Ran_the_User\Documents\GitHub\ANDROID\VAN_App\app\build\intermediates\exploded-aar\com.android.support\support-v4\23.1.1\jars\libs\internal_impl-23.1.1.jar
java_class_path (initial): C:\Users\Ran_the_User\AppData\Local\Android\sdk\build-tools\23.0.1\lib\dx.jar
Launcher Type: SUN_STANDARD

Environment Variables:
PATH=C:\Python27\Lib\site-packages\PyQt4;C:\Python27\Lib\site-packages\PyQt4;C:\OpenCV\myBuild\bin\Debug;C:\Python27\;C:\Python27\Scripts;C:\ProgramData\Oracle\Java\javapath;C:\Windows\system32;C:\Windows;C:\Windows\System32\Wbem;C:\Windows\System32\WindowsPowerShell\v1.0\;C:\Program Files\MATLAB\R2015b\bin;C:\Program Files (x86)\Windows Live\Shared;C:\Program Files (x86)\Windows Kits\8.1\Windows Performance Toolkit\;C:\Program Files (x86)\CMake\bin;C:\Program Files\Git\cmd;C:\Program Files\Microsoft Windows Performance Toolkit\;C:\Program Files (x86)\Skype\Phone\;C:\Program Files (x86)\GitExtensions\;
USERNAME=Ran_the_User
OS=Windows_NT
PROCESSOR_IDENTIFIER=Intel64 Family 6 Model 58 Stepping 9, GenuineIntel



---------------  S Y S T E M  ---------------

OS: Windows 8.1 , 64 bit Build 9600 (6.3.9600.17415)

CPU:total 4 (2 cores per cpu, 2 threads per core) family 6 model 58 stepping 9, cmov, cx8, fxsr, mmx, sse, sse2, sse3, ssse3, sse4.1, sse4.2, popcnt, avx, aes, clmul, erms, ht, tsc, tscinvbit, tscinv

Memory: 4k page, physical 7812792k(912416k free), swap 10958520k(5076k free)

vm_info: Java HotSpot(TM) 64-Bit Server VM (25.45-b02) for windows-amd64 JRE (1.8.0_45-b14), built on Apr 10 2015 10:34:15 by "java_re" with MS VC++ 10.0 (VS2010)

time: Tue Jun 14 01:22:19 2016
elapsed time: 10 seconds (0d 0h 0m 10s)

